C:\reserve\studing\Templet\mpiruntime\mpiruntime\samples\bully\build\vs2010\dbg\Debug\cl.command.1.tlog
C:\reserve\studing\Templet\mpiruntime\mpiruntime\samples\bully\build\vs2010\dbg\Debug\CL.read.1.tlog
C:\reserve\studing\Templet\mpiruntime\mpiruntime\samples\bully\build\vs2010\dbg\Debug\CL.write.1.tlog
C:\RESERVE\STUDING\TEMPLET\MPIRUNTIME\MPIRUNTIME\SAMPLES\BULLY\BUILD\VS2010\DBG\DEBUG\DBG.EXE.EMBED.MANIFEST
C:\RESERVE\STUDING\TEMPLET\MPIRUNTIME\MPIRUNTIME\SAMPLES\BULLY\BUILD\VS2010\DBG\DEBUG\DBG.EXE.EMBED.MANIFEST.RES
C:\RESERVE\STUDING\TEMPLET\MPIRUNTIME\MPIRUNTIME\SAMPLES\BULLY\BUILD\VS2010\DBG\DEBUG\DBG.EXE.INTERMEDIATE.MANIFEST
C:\reserve\studing\Templet\mpiruntime\mpiruntime\samples\bully\build\vs2010\dbg\Debug\dbg.write.1.tlog
C:\reserve\studing\Templet\mpiruntime\mpiruntime\samples\bully\build\vs2010\dbg\Debug\dbg_manifest.rc
C:\reserve\studing\Templet\mpiruntime\mpiruntime\samples\bully\build\vs2010\dbg\Debug\link.7824.read.1.tlog
C:\reserve\studing\Templet\mpiruntime\mpiruntime\samples\bully\build\vs2010\dbg\Debug\link.7824.write.1.tlog
C:\reserve\studing\Templet\mpiruntime\mpiruntime\samples\bully\build\vs2010\dbg\Debug\link.7824-cvtres.read.1.tlog
C:\reserve\studing\Templet\mpiruntime\mpiruntime\samples\bully\build\vs2010\dbg\Debug\link.7824-cvtres.write.1.tlog
C:\reserve\studing\Templet\mpiruntime\mpiruntime\samples\bully\build\vs2010\dbg\Debug\link.command.1.tlog
C:\reserve\studing\Templet\mpiruntime\mpiruntime\samples\bully\build\vs2010\dbg\Debug\link.read.1.tlog
C:\reserve\studing\Templet\mpiruntime\mpiruntime\samples\bully\build\vs2010\dbg\Debug\link.write.1.tlog
C:\reserve\studing\Templet\mpiruntime\mpiruntime\samples\bully\build\vs2010\dbg\Debug\link-cvtres.read.1.tlog
C:\reserve\studing\Templet\mpiruntime\mpiruntime\samples\bully\build\vs2010\dbg\Debug\link-cvtres.write.1.tlog
C:\reserve\studing\Templet\mpiruntime\mpiruntime\samples\bully\build\vs2010\dbg\Debug\mt.command.1.tlog
C:\reserve\studing\Templet\mpiruntime\mpiruntime\samples\bully\build\vs2010\dbg\Debug\mt.read.1.tlog
C:\reserve\studing\Templet\mpiruntime\mpiruntime\samples\bully\build\vs2010\dbg\Debug\mt.write.1.tlog
C:\reserve\studing\Templet\mpiruntime\mpiruntime\samples\bully\build\vs2010\dbg\Debug\rc.command.1.tlog
C:\reserve\studing\Templet\mpiruntime\mpiruntime\samples\bully\build\vs2010\dbg\Debug\rc.read.1.tlog
C:\reserve\studing\Templet\mpiruntime\mpiruntime\samples\bully\build\vs2010\dbg\Debug\rc.write.1.tlog
C:\RESERVE\STUDING\TEMPLET\MPIRUNTIME\MPIRUNTIME\SAMPLES\BULLY\BUILD\VS2010\DBG\DEBUG\TEMPLET.OBJ
C:\RESERVE\STUDING\TEMPLET\MPIRUNTIME\MPIRUNTIME\SAMPLES\BULLY\BUILD\VS2010\DBG\DEBUG\TET.OBJ
C:\reserve\studing\Templet\mpiruntime\mpiruntime\samples\bully\build\vs2010\dbg\Debug\vc100.idb
C:\RESERVE\STUDING\TEMPLET\MPIRUNTIME\MPIRUNTIME\SAMPLES\BULLY\BUILD\VS2010\DBG\DEBUG\VC100.PDB
C:\RESERVE\STUDING\TEMPLET\MPIRUNTIME\MPIRUNTIME\SAMPLES\BULLY\BUILD\VS2010\DEBUG\DBG.EXE
C:\RESERVE\STUDING\TEMPLET\MPIRUNTIME\MPIRUNTIME\SAMPLES\BULLY\BUILD\VS2010\DEBUG\DBG.ILK
C:\RESERVE\STUDING\TEMPLET\MPIRUNTIME\MPIRUNTIME\SAMPLES\BULLY\BUILD\VS2010\DEBUG\DBG.PDB
